2024-04-13 14:40:05,339 - RPA.core.certificates - INFO - Truststore injection done, using system certificate store to validate HTTPS.
<Condition(<unlocked _thread.lock object at 0x0000022739B2B900>, 1)>
<IocpProactor overlapped#=4 result#=0>
===============================================================================
Teardown is taking longer than expected
(took more than 5.0s).
A thread dump prior to interruption will be shown below.
-- Configure this timeout with '--teardown-dump-threads-timeout' argument 
or 'RC_TEARDOWN_DUMP_THREADS_TIMEOUT' environment variable.

================================= Thread Dump =================================

-------------------------------------------------------------------------------
 Thread Thread-2  (daemon: True)

 File "C:\ProgramData\robocorp\ht\109dad2_b1f3c24_691db988\lib\threading.py", line 973, in _bootstrap
   self._bootstrap_inner()
 File "C:\ProgramData\robocorp\ht\109dad2_b1f3c24_691db988\lib\threading.py", line 1016, in _bootstrap_inner
   self.run()
 File "C:\ProgramData\robocorp\ht\109dad2_b1f3c24_691db988\lib\site-packages\robocorp\tasks\_interrupts.py", line 118, in run
   self.on_timeout1()
 File "C:\ProgramData\robocorp\ht\109dad2_b1f3c24_691db988\lib\site-packages\robocorp\tasks\_interrupts.py", line 165, in print_threads
   dump_threads(
 File "C:\ProgramData\robocorp\ht\109dad2_b1f3c24_691db988\lib\site-packages\robocorp\tasks\_interrupts.py", line 215, in dump_threads
   for filename, lineno, name, line in traceback.extract_stack(stack):

-------------------------------------------------------------------------------
 Thread OutputToPortThread  (daemon: True)

 File "C:\ProgramData\robocorp\ht\109dad2_b1f3c24_691db988\lib\threading.py", line 973, in _bootstrap
   self._bootstrap_inner()
 File "C:\ProgramData\robocorp\ht\109dad2_b1f3c24_691db988\lib\threading.py", line 1016, in _bootstrap_inner
   self.run()
 File "C:\ProgramData\robocorp\ht\109dad2_b1f3c24_691db988\lib\threading.py", line 953, in run
   self._target(*self._args, **self._kwargs)
 File "C:\ProgramData\robocorp\ht\109dad2_b1f3c24_691db988\lib\site-packages\robocorp\tasks\_log_output_setup.py", line 73, in write_in_thread
   msg = q.get()
 File "C:\ProgramData\robocorp\ht\109dad2_b1f3c24_691db988\lib\queue.py", line 171, in get
   self.not_empty.wait()
 File "C:\ProgramData\robocorp\ht\109dad2_b1f3c24_691db988\lib\threading.py", line 320, in wait
   waiter.acquire()

-------------------------------------------------------------------------------
 Thread MainThread  (daemon: False)

 File "C:\ProgramData\robocorp\ht\109dad2_b1f3c24_691db988\lib\site-packages\playwright\sync_api\_context_manager.py", line 57, in greenlet_main
   self._loop.run_until_complete(self._connection.run_as_sync())
 File "C:\ProgramData\robocorp\ht\109dad2_b1f3c24_691db988\lib\asyncio\base_events.py", line 636, in run_until_complete
   self.run_forever()
 File "C:\ProgramData\robocorp\ht\109dad2_b1f3c24_691db988\lib\asyncio\windows_events.py", line 321, in run_forever
   super().run_forever()
 File "C:\ProgramData\robocorp\ht\109dad2_b1f3c24_691db988\lib\asyncio\base_events.py", line 603, in run_forever
   self._run_once()
 File "C:\ProgramData\robocorp\ht\109dad2_b1f3c24_691db988\lib\asyncio\base_events.py", line 1871, in _run_once
   event_list = self._selector.select(timeout)
 File "C:\ProgramData\robocorp\ht\109dad2_b1f3c24_691db988\lib\asyncio\windows_events.py", line 444, in select
   self._poll(timeout)
 File "C:\ProgramData\robocorp\ht\109dad2_b1f3c24_691db988\lib\asyncio\windows_events.py", line 797, in _poll
   status = _overlapped.GetQueuedCompletionStatus(self._iocp, ms)

=============================== END Thread Dump ===============================